[0.065s] DEBUG:colcon:Command line arguments: ['/usr/bin/colcon', 'list', '-p', '--base-paths', '/home/stefania/ass/fabemia2/src', '--log-base', '/dev/null']
[0.066s] DEBUG:colcon:Parsed command line arguments: Namespace(log_base=None, log_level=None, verb_name='list', build_base='build', ignore_user_meta=False, metas=['./colcon.meta'], base_paths=['/home/stefania/ass/fabemia2/src', '--log-base', '/dev/null'], packages_ignore=None, packages_ignore_regex=None, paths=None, packages_up_to=None, packages_up_to_regex=None, packages_above=None, packages_above_and_dependencies=None, packages_above_depth=None, packages_select_by_dep=None, packages_skip_by_dep=None, packages_skip_up_to=None, packages_select_build_failed=False, packages_skip_build_finished=False, packages_select_test_failures=False, packages_skip_test_passed=False, packages_select=None, packages_skip=None, packages_select_regex=None, packages_skip_regex=None, packages_start=None, packages_end=None, allow_overriding=[], topological_order=False, names_only=False, paths_only=True, topological_graph=False, topological_graph_dot=False, topological_graph_density=False, topological_graph_legend=False, topological_graph_dot_cluster=False, topological_graph_dot_include_skipped=False, mixin_files=None, mixin=None, verb_parser=<colcon_mixin.mixin.mixin_argument.MixinArgumentDecorator object at 0x722d8db96000>, verb_extension=<colcon_package_information.verb.list.ListVerb object at 0x722d8e8624e0>, main=<bound method ListVerb.main of <colcon_package_information.verb.list.ListVerb object at 0x722d8e8624e0>>, mixin_verb=('list',))
[0.089s] Level 1:colcon.colcon_core.package_discovery:discover_packages(colcon_meta) check parameters
[0.089s] Level 1:colcon.colcon_core.package_discovery:discover_packages(recursive) check parameters
[0.089s] Level 1:colcon.colcon_core.package_discovery:discover_packages(ignore) check parameters
[0.089s] Level 1:colcon.colcon_core.package_discovery:discover_packages(path) check parameters
[0.089s] Level 1:colcon.colcon_core.package_discovery:discover_packages(recursive) discover
[0.089s] INFO:colcon.colcon_core.package_discovery:Crawling recursively for packages in '/home/stefania/ass/fabemia2/src', '/home/stefania/ass/fabemia2/src/--log-base', '/dev/null'
[0.090s] Level 1:colcon.colcon_core.package_identification:_identify(/home/stefania/ass/fabemia2/src) by extensions ['ignore', 'ignore_ament_install']
[0.090s] Level 1:colcon.colcon_core.package_identification:_identify(/home/stefania/ass/fabemia2/src) by extension 'ignore'
[0.090s] Level 1:colcon.colcon_core.package_identification:_identify(/home/stefania/ass/fabemia2/src) by extension 'ignore_ament_install'
[0.090s] Level 1:colcon.colcon_core.package_identification:_identify(/home/stefania/ass/fabemia2/src) by extensions ['colcon_pkg']
[0.090s] Level 1:colcon.colcon_core.package_identification:_identify(/home/stefania/ass/fabemia2/src) by extension 'colcon_pkg'
[0.090s] Level 1:colcon.colcon_core.package_identification:_identify(/home/stefania/ass/fabemia2/src) by extensions ['colcon_meta']
[0.090s] Level 1:colcon.colcon_core.package_identification:_identify(/home/stefania/ass/fabemia2/src) by extension 'colcon_meta'
[0.090s] Level 1:colcon.colcon_core.package_identification:_identify(/home/stefania/ass/fabemia2/src) by extensions ['ros']
[0.090s] Level 1:colcon.colcon_core.package_identification:_identify(/home/stefania/ass/fabemia2/src) by extension 'ros'
[0.105s] Level 1:colcon.colcon_core.package_identification:_identify(/home/stefania/ass/fabemia2/src) by extensions ['cmake', 'python']
[0.106s] Level 1:colcon.colcon_core.package_identification:_identify(/home/stefania/ass/fabemia2/src) by extension 'cmake'
[0.106s] Level 1:colcon.colcon_core.package_identification:_identify(/home/stefania/ass/fabemia2/src) by extension 'python'
[0.106s] Level 1:colcon.colcon_core.package_identification:_identify(/home/stefania/ass/fabemia2/src) by extensions ['python_setup_py']
[0.106s] Level 1:colcon.colcon_core.package_identification:_identify(/home/stefania/ass/fabemia2/src) by extension 'python_setup_py'
[0.106s] Level 1:colcon.colcon_core.package_identification:_identify(/home/stefania/ass/fabemia2/src/log) by extensions ['ignore', 'ignore_ament_install']
[0.106s] Level 1:colcon.colcon_core.package_identification:_identify(/home/stefania/ass/fabemia2/src/log) by extension 'ignore'
[0.106s] Level 1:colcon.colcon_core.package_identification:_identify(/home/stefania/ass/fabemia2/src/log) ignored
[0.106s] Level 1:colcon.colcon_core.package_identification:_identify(/home/stefania/ass/fabemia2/src/my_robot_bringup) by extensions ['ignore', 'ignore_ament_install']
[0.106s] Level 1:colcon.colcon_core.package_identification:_identify(/home/stefania/ass/fabemia2/src/my_robot_bringup) by extension 'ignore'
[0.106s] Level 1:colcon.colcon_core.package_identification:_identify(/home/stefania/ass/fabemia2/src/my_robot_bringup) by extension 'ignore_ament_install'
[0.106s] Level 1:colcon.colcon_core.package_identification:_identify(/home/stefania/ass/fabemia2/src/my_robot_bringup) by extensions ['colcon_pkg']
[0.106s] Level 1:colcon.colcon_core.package_identification:_identify(/home/stefania/ass/fabemia2/src/my_robot_bringup) by extension 'colcon_pkg'
[0.106s] Level 1:colcon.colcon_core.package_identification:_identify(/home/stefania/ass/fabemia2/src/my_robot_bringup) by extensions ['colcon_meta']
[0.106s] Level 1:colcon.colcon_core.package_identification:_identify(/home/stefania/ass/fabemia2/src/my_robot_bringup) by extension 'colcon_meta'
[0.106s] Level 1:colcon.colcon_core.package_identification:_identify(/home/stefania/ass/fabemia2/src/my_robot_bringup) by extensions ['ros']
[0.106s] Level 1:colcon.colcon_core.package_identification:_identify(/home/stefania/ass/fabemia2/src/my_robot_bringup) by extension 'ros'
[0.108s] DEBUG:colcon.colcon_core.package_identification:Package '/home/stefania/ass/fabemia2/src/my_robot_bringup' with type 'ros.ament_cmake' and name 'my_robot_bringup'
[0.108s] Level 1:colcon.colcon_core.package_identification:_identify(/home/stefania/ass/fabemia2/src/my_robot_description) by extensions ['ignore', 'ignore_ament_install']
[0.108s] Level 1:colcon.colcon_core.package_identification:_identify(/home/stefania/ass/fabemia2/src/my_robot_description) by extension 'ignore'
[0.108s] Level 1:colcon.colcon_core.package_identification:_identify(/home/stefania/ass/fabemia2/src/my_robot_description) by extension 'ignore_ament_install'
[0.109s] Level 1:colcon.colcon_core.package_identification:_identify(/home/stefania/ass/fabemia2/src/my_robot_description) by extensions ['colcon_pkg']
[0.109s] Level 1:colcon.colcon_core.package_identification:_identify(/home/stefania/ass/fabemia2/src/my_robot_description) by extension 'colcon_pkg'
[0.109s] Level 1:colcon.colcon_core.package_identification:_identify(/home/stefania/ass/fabemia2/src/my_robot_description) by extensions ['colcon_meta']
[0.109s] Level 1:colcon.colcon_core.package_identification:_identify(/home/stefania/ass/fabemia2/src/my_robot_description) by extension 'colcon_meta'
[0.109s] Level 1:colcon.colcon_core.package_identification:_identify(/home/stefania/ass/fabemia2/src/my_robot_description) by extensions ['ros']
[0.109s] Level 1:colcon.colcon_core.package_identification:_identify(/home/stefania/ass/fabemia2/src/my_robot_description) by extension 'ros'
[0.109s] DEBUG:colcon.colcon_core.package_identification:Package '/home/stefania/ass/fabemia2/src/my_robot_description' with type 'ros.ament_cmake' and name 'my_robot_description'
[0.109s] Level 1:colcon.colcon_core.package_identification:_identify(/home/stefania/ass/fabemia2/src/resource) by extensions ['ignore', 'ignore_ament_install']
[0.109s] Level 1:colcon.colcon_core.package_identification:_identify(/home/stefania/ass/fabemia2/src/resource) by extension 'ignore'
[0.109s] Level 1:colcon.colcon_core.package_identification:_identify(/home/stefania/ass/fabemia2/src/resource) by extension 'ignore_ament_install'
[0.109s] Level 1:colcon.colcon_core.package_identification:_identify(/home/stefania/ass/fabemia2/src/resource) by extensions ['colcon_pkg']
[0.109s] Level 1:colcon.colcon_core.package_identification:_identify(/home/stefania/ass/fabemia2/src/resource) by extension 'colcon_pkg'
[0.109s] Level 1:colcon.colcon_core.package_identification:_identify(/home/stefania/ass/fabemia2/src/resource) by extensions ['colcon_meta']
[0.109s] Level 1:colcon.colcon_core.package_identification:_identify(/home/stefania/ass/fabemia2/src/resource) by extension 'colcon_meta'
[0.109s] Level 1:colcon.colcon_core.package_identification:_identify(/home/stefania/ass/fabemia2/src/resource) by extensions ['ros']
[0.109s] Level 1:colcon.colcon_core.package_identification:_identify(/home/stefania/ass/fabemia2/src/resource) by extension 'ros'
[0.109s] Level 1:colcon.colcon_core.package_identification:_identify(/home/stefania/ass/fabemia2/src/resource) by extensions ['cmake', 'python']
[0.109s] Level 1:colcon.colcon_core.package_identification:_identify(/home/stefania/ass/fabemia2/src/resource) by extension 'cmake'
[0.109s] Level 1:colcon.colcon_core.package_identification:_identify(/home/stefania/ass/fabemia2/src/resource) by extension 'python'
[0.109s] Level 1:colcon.colcon_core.package_identification:_identify(/home/stefania/ass/fabemia2/src/resource) by extensions ['python_setup_py']
[0.109s] Level 1:colcon.colcon_core.package_identification:_identify(/home/stefania/ass/fabemia2/src/resource) by extension 'python_setup_py'
[0.109s] Level 1:colcon.colcon_core.package_identification:_identify(/home/stefania/ass/fabemia2/src/test) by extensions ['ignore', 'ignore_ament_install']
[0.110s] Level 1:colcon.colcon_core.package_identification:_identify(/home/stefania/ass/fabemia2/src/test) by extension 'ignore'
[0.110s] Level 1:colcon.colcon_core.package_identification:_identify(/home/stefania/ass/fabemia2/src/test) by extension 'ignore_ament_install'
[0.110s] Level 1:colcon.colcon_core.package_identification:_identify(/home/stefania/ass/fabemia2/src/test) by extensions ['colcon_pkg']
[0.110s] Level 1:colcon.colcon_core.package_identification:_identify(/home/stefania/ass/fabemia2/src/test) by extension 'colcon_pkg'
[0.110s] Level 1:colcon.colcon_core.package_identification:_identify(/home/stefania/ass/fabemia2/src/test) by extensions ['colcon_meta']
[0.110s] Level 1:colcon.colcon_core.package_identification:_identify(/home/stefania/ass/fabemia2/src/test) by extension 'colcon_meta'
[0.110s] Level 1:colcon.colcon_core.package_identification:_identify(/home/stefania/ass/fabemia2/src/test) by extensions ['ros']
[0.110s] Level 1:colcon.colcon_core.package_identification:_identify(/home/stefania/ass/fabemia2/src/test) by extension 'ros'
[0.110s] Level 1:colcon.colcon_core.package_identification:_identify(/home/stefania/ass/fabemia2/src/test) by extensions ['cmake', 'python']
[0.110s] Level 1:colcon.colcon_core.package_identification:_identify(/home/stefania/ass/fabemia2/src/test) by extension 'cmake'
[0.110s] Level 1:colcon.colcon_core.package_identification:_identify(/home/stefania/ass/fabemia2/src/test) by extension 'python'
[0.110s] Level 1:colcon.colcon_core.package_identification:_identify(/home/stefania/ass/fabemia2/src/test) by extensions ['python_setup_py']
[0.110s] Level 1:colcon.colcon_core.package_identification:_identify(/home/stefania/ass/fabemia2/src/test) by extension 'python_setup_py'
[0.110s] Level 1:colcon.colcon_core.package_identification:_identify(/home/stefania/ass/fabemia2/src/tsp_solver) by extensions ['ignore', 'ignore_ament_install']
[0.110s] Level 1:colcon.colcon_core.package_identification:_identify(/home/stefania/ass/fabemia2/src/tsp_solver) by extension 'ignore'
[0.110s] Level 1:colcon.colcon_core.package_identification:_identify(/home/stefania/ass/fabemia2/src/tsp_solver) by extension 'ignore_ament_install'
[0.110s] Level 1:colcon.colcon_core.package_identification:_identify(/home/stefania/ass/fabemia2/src/tsp_solver) by extensions ['colcon_pkg']
[0.110s] Level 1:colcon.colcon_core.package_identification:_identify(/home/stefania/ass/fabemia2/src/tsp_solver) by extension 'colcon_pkg'
[0.110s] Level 1:colcon.colcon_core.package_identification:_identify(/home/stefania/ass/fabemia2/src/tsp_solver) by extensions ['colcon_meta']
[0.110s] Level 1:colcon.colcon_core.package_identification:_identify(/home/stefania/ass/fabemia2/src/tsp_solver) by extension 'colcon_meta'
[0.110s] Level 1:colcon.colcon_core.package_identification:_identify(/home/stefania/ass/fabemia2/src/tsp_solver) by extensions ['ros']
[0.110s] Level 1:colcon.colcon_core.package_identification:_identify(/home/stefania/ass/fabemia2/src/tsp_solver) by extension 'ros'
[0.110s] Level 1:colcon.colcon_core.package_identification:_identify(/home/stefania/ass/fabemia2/src/tsp_solver) by extensions ['cmake', 'python']
[0.110s] Level 1:colcon.colcon_core.package_identification:_identify(/home/stefania/ass/fabemia2/src/tsp_solver) by extension 'cmake'
[0.110s] Level 1:colcon.colcon_core.package_identification:_identify(/home/stefania/ass/fabemia2/src/tsp_solver) by extension 'python'
[0.110s] Level 1:colcon.colcon_core.package_identification:_identify(/home/stefania/ass/fabemia2/src/tsp_solver) by extensions ['python_setup_py']
[0.110s] Level 1:colcon.colcon_core.package_identification:_identify(/home/stefania/ass/fabemia2/src/tsp_solver) by extension 'python_setup_py'
[0.110s] Level 1:colcon.colcon_core.package_identification:_identify(/home/stefania/ass/fabemia2/src/tsp_solver/__pycache__) by extensions ['ignore', 'ignore_ament_install']
[0.110s] Level 1:colcon.colcon_core.package_identification:_identify(/home/stefania/ass/fabemia2/src/tsp_solver/__pycache__) by extension 'ignore'
[0.110s] Level 1:colcon.colcon_core.package_identification:_identify(/home/stefania/ass/fabemia2/src/tsp_solver/__pycache__) by extension 'ignore_ament_install'
[0.110s] Level 1:colcon.colcon_core.package_identification:_identify(/home/stefania/ass/fabemia2/src/tsp_solver/__pycache__) by extensions ['colcon_pkg']
[0.110s] Level 1:colcon.colcon_core.package_identification:_identify(/home/stefania/ass/fabemia2/src/tsp_solver/__pycache__) by extension 'colcon_pkg'
[0.110s] Level 1:colcon.colcon_core.package_identification:_identify(/home/stefania/ass/fabemia2/src/tsp_solver/__pycache__) by extensions ['colcon_meta']
[0.110s] Level 1:colcon.colcon_core.package_identification:_identify(/home/stefania/ass/fabemia2/src/tsp_solver/__pycache__) by extension 'colcon_meta'
[0.110s] Level 1:colcon.colcon_core.package_identification:_identify(/home/stefania/ass/fabemia2/src/tsp_solver/__pycache__) by extensions ['ros']
[0.110s] Level 1:colcon.colcon_core.package_identification:_identify(/home/stefania/ass/fabemia2/src/tsp_solver/__pycache__) by extension 'ros'
[0.110s] Level 1:colcon.colcon_core.package_identification:_identify(/home/stefania/ass/fabemia2/src/tsp_solver/__pycache__) by extensions ['cmake', 'python']
[0.110s] Level 1:colcon.colcon_core.package_identification:_identify(/home/stefania/ass/fabemia2/src/tsp_solver/__pycache__) by extension 'cmake'
[0.110s] Level 1:colcon.colcon_core.package_identification:_identify(/home/stefania/ass/fabemia2/src/tsp_solver/__pycache__) by extension 'python'
[0.110s] Level 1:colcon.colcon_core.package_identification:_identify(/home/stefania/ass/fabemia2/src/tsp_solver/__pycache__) by extensions ['python_setup_py']
[0.110s] Level 1:colcon.colcon_core.package_identification:_identify(/home/stefania/ass/fabemia2/src/tsp_solver/__pycache__) by extension 'python_setup_py'
[0.111s] Level 1:colcon.colcon_core.package_identification:_identify(/home/stefania/ass/fabemia2/src/worlds) by extensions ['ignore', 'ignore_ament_install']
[0.111s] Level 1:colcon.colcon_core.package_identification:_identify(/home/stefania/ass/fabemia2/src/worlds) by extension 'ignore'
[0.111s] Level 1:colcon.colcon_core.package_identification:_identify(/home/stefania/ass/fabemia2/src/worlds) by extension 'ignore_ament_install'
[0.111s] Level 1:colcon.colcon_core.package_identification:_identify(/home/stefania/ass/fabemia2/src/worlds) by extensions ['colcon_pkg']
[0.111s] Level 1:colcon.colcon_core.package_identification:_identify(/home/stefania/ass/fabemia2/src/worlds) by extension 'colcon_pkg'
[0.111s] Level 1:colcon.colcon_core.package_identification:_identify(/home/stefania/ass/fabemia2/src/worlds) by extensions ['colcon_meta']
[0.111s] Level 1:colcon.colcon_core.package_identification:_identify(/home/stefania/ass/fabemia2/src/worlds) by extension 'colcon_meta'
[0.111s] Level 1:colcon.colcon_core.package_identification:_identify(/home/stefania/ass/fabemia2/src/worlds) by extensions ['ros']
[0.111s] Level 1:colcon.colcon_core.package_identification:_identify(/home/stefania/ass/fabemia2/src/worlds) by extension 'ros'
[0.111s] Level 1:colcon.colcon_core.package_identification:_identify(/home/stefania/ass/fabemia2/src/worlds) by extensions ['cmake', 'python']
[0.111s] Level 1:colcon.colcon_core.package_identification:_identify(/home/stefania/ass/fabemia2/src/worlds) by extension 'cmake'
[0.111s] Level 1:colcon.colcon_core.package_identification:_identify(/home/stefania/ass/fabemia2/src/worlds) by extension 'python'
[0.111s] Level 1:colcon.colcon_core.package_identification:_identify(/home/stefania/ass/fabemia2/src/worlds) by extensions ['python_setup_py']
[0.111s] Level 1:colcon.colcon_core.package_identification:_identify(/home/stefania/ass/fabemia2/src/worlds) by extension 'python_setup_py'
[0.111s] Level 1:colcon.colcon_core.package_discovery:discover_packages(recursive) using defaults
