[0.010s] Invoking command in '/home/stefania/ass/fabemia2/build/my_robot_bringup': CMAKE_PREFIX_PATH=${CMAKE_PREFIX_PATH}:/home/stefania/ros2_ws/install/tsp_solver:/home/stefania/ros2_ws/install/py_pubsub:/home/stefania/ros2_ws/install/my_py_pkg:/home/stefania/ros2_ws/install/multi_node_demo:/home/stefania/install/tsp_solver:/home/stefania/install/py_pubsub:/home/stefania/install/my_py_pkg:/home/stefania/install/multi_node_demo:/opt/ros/jazzy DEBUGINFOD_URLS=https://debuginfod.ubuntu.com /usr/bin/cmake --build /home/stefania/ass/fabemia2/build/my_robot_bringup -- -j4 -l4
[0.044s] Invoked command in '/home/stefania/ass/fabemia2/build/my_robot_bringup' returned '0': CMAKE_PREFIX_PATH=${CMAKE_PREFIX_PATH}:/home/stefania/ros2_ws/install/tsp_solver:/home/stefania/ros2_ws/install/py_pubsub:/home/stefania/ros2_ws/install/my_py_pkg:/home/stefania/ros2_ws/install/multi_node_demo:/home/stefania/install/tsp_solver:/home/stefania/install/py_pubsub:/home/stefania/install/my_py_pkg:/home/stefania/install/multi_node_demo:/opt/ros/jazzy DEBUGINFOD_URLS=https://debuginfod.ubuntu.com /usr/bin/cmake --build /home/stefania/ass/fabemia2/build/my_robot_bringup -- -j4 -l4
[0.050s] Invoking command in '/home/stefania/ass/fabemia2/build/my_robot_bringup': CMAKE_PREFIX_PATH=${CMAKE_PREFIX_PATH}:/home/stefania/ros2_ws/install/tsp_solver:/home/stefania/ros2_ws/install/py_pubsub:/home/stefania/ros2_ws/install/my_py_pkg:/home/stefania/ros2_ws/install/multi_node_demo:/home/stefania/install/tsp_solver:/home/stefania/install/py_pubsub:/home/stefania/install/my_py_pkg:/home/stefania/install/multi_node_demo:/opt/ros/jazzy DEBUGINFOD_URLS=https://debuginfod.ubuntu.com /usr/bin/cmake --install /home/stefania/ass/fabemia2/build/my_robot_bringup
[0.056s] -- Install configuration: ""
[0.056s] -- Up-to-date: /home/stefania/ass/fabemia2/install/my_robot_bringup/share/my_robot_bringup//launch
[0.056s] -- Up-to-date: /home/stefania/ass/fabemia2/install/my_robot_bringup/share/my_robot_bringup//launch/my_robot_gazebo.launch.xml
[0.056s] -- Up-to-date: /home/stefania/ass/fabemia2/install/my_robot_bringup/share/my_robot_bringup//config
[0.056s] -- Up-to-date: /home/stefania/ass/fabemia2/install/my_robot_bringup/share/my_robot_bringup//config/gazebo_bridge.yaml
[0.056s] -- Up-to-date: /home/stefania/ass/fabemia2/install/my_robot_bringup/share/my_robot_bringup//worlds
[0.056s] -- Up-to-date: /home/stefania/ass/fabemia2/install/my_robot_bringup/share/my_robot_bringup//worlds/hello_world.sdf
[0.056s] -- Up-to-date: /home/stefania/ass/fabemia2/install/my_robot_bringup/share/ament_index/resource_index/package_run_dependencies/my_robot_bringup
[0.056s] -- Up-to-date: /home/stefania/ass/fabemia2/install/my_robot_bringup/share/ament_index/resource_index/parent_prefix_path/my_robot_bringup
[0.056s] -- Up-to-date: /home/stefania/ass/fabemia2/install/my_robot_bringup/share/my_robot_bringup/environment/ament_prefix_path.sh
[0.057s] -- Up-to-date: /home/stefania/ass/fabemia2/install/my_robot_bringup/share/my_robot_bringup/environment/ament_prefix_path.dsv
[0.057s] -- Up-to-date: /home/stefania/ass/fabemia2/install/my_robot_bringup/share/my_robot_bringup/environment/path.sh
[0.057s] -- Up-to-date: /home/stefania/ass/fabemia2/install/my_robot_bringup/share/my_robot_bringup/environment/path.dsv
[0.057s] -- Up-to-date: /home/stefania/ass/fabemia2/install/my_robot_bringup/share/my_robot_bringup/local_setup.bash
[0.057s] -- Up-to-date: /home/stefania/ass/fabemia2/install/my_robot_bringup/share/my_robot_bringup/local_setup.sh
[0.057s] -- Up-to-date: /home/stefania/ass/fabemia2/install/my_robot_bringup/share/my_robot_bringup/local_setup.zsh
[0.057s] -- Up-to-date: /home/stefania/ass/fabemia2/install/my_robot_bringup/share/my_robot_bringup/local_setup.dsv
[0.057s] -- Installing: /home/stefania/ass/fabemia2/install/my_robot_bringup/share/my_robot_bringup/package.dsv
[0.057s] -- Up-to-date: /home/stefania/ass/fabemia2/install/my_robot_bringup/share/ament_index/resource_index/packages/my_robot_bringup
[0.057s] -- Up-to-date: /home/stefania/ass/fabemia2/install/my_robot_bringup/share/my_robot_bringup/cmake/my_robot_bringupConfig.cmake
[0.057s] -- Up-to-date: /home/stefania/ass/fabemia2/install/my_robot_bringup/share/my_robot_bringup/cmake/my_robot_bringupConfig-version.cmake
[0.057s] -- Up-to-date: /home/stefania/ass/fabemia2/install/my_robot_bringup/share/my_robot_bringup/package.xml
[0.066s] Invoked command in '/home/stefania/ass/fabemia2/build/my_robot_bringup' returned '0': CMAKE_PREFIX_PATH=${CMAKE_PREFIX_PATH}:/home/stefania/ros2_ws/install/tsp_solver:/home/stefania/ros2_ws/install/py_pubsub:/home/stefania/ros2_ws/install/my_py_pkg:/home/stefania/ros2_ws/install/multi_node_demo:/home/stefania/install/tsp_solver:/home/stefania/install/py_pubsub:/home/stefania/install/my_py_pkg:/home/stefania/install/multi_node_demo:/opt/ros/jazzy DEBUGINFOD_URLS=https://debuginfod.ubuntu.com /usr/bin/cmake --install /home/stefania/ass/fabemia2/build/my_robot_bringup
